StMarket/build/outputs/logs/manifest-merger-debug-report.txt
-- Merging decision tree log ---
manifest
ADDED from src\main\AndroidManifest.xml:2:1-234:12
	package
		ADDED from src\main\AndroidManifest.xml:4:5-49
		INJECTED from src\main\AndroidManifest.xml
		INJECTED from src\main\AndroidManifest.xml
	android:versionName
		ADDED from src\main\AndroidManifest.xml:6:5-30
		INJECTED from src\main\AndroidManifest.xml
		INJECTED from src\main\AndroidManifest.xml
	xmlns:tools
		ADDED from src\main\AndroidManifest.xml:3:5-51
	android:versionCode
		ADDED from src\main\AndroidManifest.xml:5:5-30
		INJECTED from src\main\AndroidManifest.xml
		INJECTED from src\main\AndroidManifest.xml
	xmlns:android
		ADDED from src\main\AndroidManifest.xml:2:11-69
uses-sdk
ADDED from src\main\AndroidManifest.xml:8:5-10:41
MERGED from [com.github.satyan:sugar:1.3.1] AndroidManifest.xml:7:5-9:41
MERGED from [com.android.support:cardview-v7:21.0.0] AndroidManifest.xml:15:5-42
MERGED from [com.android.support:gridlayout-v7:21.0.0] AndroidManifest.xml:15:5-42
MERGED from [com.android.support:support-v4:22.2.0] AndroidManifest.xml:20:5-43
MERGED from [com.android.support:recyclerview-v7:21.0.0] AndroidManifest.xml:15:5-42
MERGED from [com.android.support:design:22.2.0] AndroidManifest.xml:20:5-43
MERGED from [com.android.support:appcompat-v7:22.2.0] AndroidManifest.xml:20:5-43
	android:targetSdkVersion
		ADDED from src\main\AndroidManifest.xml:10:9-38
		INJECTED from src\main\AndroidManifest.xml
		INJECTED from src\main\AndroidManifest.xml
	android:minSdkVersion
		ADDED from src\main\AndroidManifest.xml:9:9-35
		INJECTED from src\main\AndroidManifest.xml
		INJECTED from src\main\AndroidManifest.xml
uses-feature#android.hardware.camera
ADDED from src\main\AndroidManifest.xml:12:5-60
	android:name
		ADDED from src\main\AndroidManifest.xml:12:19-57
uses-feature#android.hardware.camera.autofocus
ADDED from src\main\AndroidManifest.xml:13:5-70
	android:name
		ADDED from src\main\AndroidManifest.xml:13:19-67
uses-permission#android.permission.READ_EXTERNAL_STORAGE
ADDED from src\main\AndroidManifest.xml:15:5-80
	android:name
		ADDED from src\main\AndroidManifest.xml:15:22-77
uses-permission#android.permission.WRITE_EXTERNAL_STORAGE
ADDED from src\main\AndroidManifest.xml:16:5-81
	android:name
		ADDED from src\main\AndroidManifest.xml:16:22-78
uses-permission#android.permission.INTERNET
ADDED from src\main\AndroidManifest.xml:17:5-67
	android:name
		ADDED from src\main\AndroidManifest.xml:17:22-64
uses-permission#android.permission.READ_PHONE_STATE
ADDED from src\main\AndroidManifest.xml:18:5-75
	android:name
		ADDED from src\main\AndroidManifest.xml:18:22-72
uses-permission#android.permission.VIBRATE
ADDED from src\main\AndroidManifest.xml:19:5-66
	android:name
		ADDED from src\main\AndroidManifest.xml:19:22-63
uses-permission#android.permission.FLASHLIGHT
ADDED from src\main\AndroidManifest.xml:20:5-69
	android:name
		ADDED from src\main\AndroidManifest.xml:20:22-66
uses-permission#android.permission.CAMERA
ADDED from src\main\AndroidManifest.xml:21:5-65
	android:name
		ADDED from src\main\AndroidManifest.xml:21:22-62
uses-permission#android.permission.ACCESS_NETWORK_STATE
ADDED from src\main\AndroidManifest.xml:22:5-79
	android:name
		ADDED from src\main\AndroidManifest.xml:22:22-76
meta-data#DATABASE
ADDED from src\main\AndroidManifest.xml:25:5-27:36
	android:value
		ADDED from src\main\AndroidManifest.xml:27:9-33
	android:name
		ADDED from src\main\AndroidManifest.xml:26:9-32
meta-data#VERSION
ADDED from src\main\AndroidManifest.xml:28:5-30:29
	android:value
		ADDED from src\main\AndroidManifest.xml:30:9-26
	android:name
		ADDED from src\main\AndroidManifest.xml:29:9-31
meta-data#QUERY_LOG
ADDED from src\main\AndroidManifest.xml:31:5-33:32
	android:value
		ADDED from src\main\AndroidManifest.xml:33:9-29
	android:name
		ADDED from src\main\AndroidManifest.xml:32:9-33
application
ADDED from src\main\AndroidManifest.xml:35:5-232:19
MERGED from [com.github.satyan:sugar:1.3.1] AndroidManifest.xml:11:5-12:19
MERGED from [com.android.support:cardview-v7:21.0.0] AndroidManifest.xml:16:5-19
MERGED from [com.android.support:gridlayout-v7:21.0.0] AndroidManifest.xml:16:5-19
MERGED from [com.android.support:support-v4:22.2.0] AndroidManifest.xml:22:5-20
MERGED from [com.android.support:recyclerview-v7:21.0.0] AndroidManifest.xml:17:5-19:19
MERGED from [com.android.support:design:22.2.0] AndroidManifest.xml:22:5-20
MERGED from [com.android.support:appcompat-v7:22.2.0] AndroidManifest.xml:22:5-20
	android:label
		ADDED from src\main\AndroidManifest.xml:39:9-34
	android:allowBackup
		ADDED from src\main\AndroidManifest.xml:37:9-35
	android:icon
		ADDED from src\main\AndroidManifest.xml:38:9-45
	android:theme
		ADDED from src\main\AndroidManifest.xml:40:9-43
	tools:replace
		ADDED from src\main\AndroidManifest.xml:41:9-37
	android:name
		ADDED from src\main\AndroidManifest.xml:36:9-40
activity#com.rastreabilidadeInterna.geral.MainSplashScreen
ADDED from src\main\AndroidManifest.xml:42:9-50:20
	android:label
		ADDED from src\main\AndroidManifest.xml:44:13-45
	android:name
		ADDED from src\main\AndroidManifest.xml:43:13-77
intent-filter#android.intent.action.MAIN+android.intent.category.LAUNCHER
ADDED from src\main\AndroidManifest.xml:45:13-49:29
action#android.intent.action.MAIN
ADDED from src\main\AndroidManifest.xml:46:17-69
	android:name
		ADDED from src\main\AndroidManifest.xml:46:25-66
category#android.intent.category.LAUNCHER
ADDED from src\main\AndroidManifest.xml:48:17-77
	android:name
		ADDED from src\main\AndroidManifest.xml:48:27-74
activity#com.rastreabilidadeInterna.geral.ActivityTelaInicial
ADDED from src\main\AndroidManifest.xml:51:9-53:46
	android:label
		ADDED from src\main\AndroidManifest.xml:53:13-44
	android:name
		ADDED from src\main\AndroidManifest.xml:52:13-80
activity#com.rastreabilidadeInterna.controleEstoque.ActivityControleEstoque
ADDED from src\main\AndroidManifest.xml:54:9-63:20
	android:screenOrientation
		ADDED from src\main\AndroidManifest.xml:59:13-49
	android:label
		ADDED from src\main\AndroidManifest.xml:56:13-77
	android:parentActivityName
		ADDED from src\main\AndroidManifest.xml:58:13-94
	android:launchMode
		ADDED from src\main\AndroidManifest.xml:57:13-43
	android:name
		ADDED from src\main\AndroidManifest.xml:55:13-94
meta-data#amdroid.suport.PARENT_ACTIVITY
ADDED from src\main\AndroidManifest.xml:60:13-62:73
	android:value
		ADDED from src\main\AndroidManifest.xml:62:17-70
	android:name
		ADDED from src\main\AndroidManifest.xml:61:17-62
activity#com.rastreabilidadeInterna.fracionamento.ActivityFracionamento
ADDED from src\main\AndroidManifest.xml:64:9-73:20
	android:screenOrientation
		ADDED from src\main\AndroidManifest.xml:69:13-50
	android:label
		ADDED from src\main\AndroidManifest.xml:66:13-75
	android:parentActivityName
		ADDED from src\main\AndroidManifest.xml:68:13-94
	android:launchMode
		ADDED from src\main\AndroidManifest.xml:67:13-43
	android:name
		ADDED from src\main\AndroidManifest.xml:65:13-90
meta-data#android.support.PARENT_ACTIVITY
ADDED from src\main\AndroidManifest.xml:70:13-72:88
	android:value
		ADDED from src\main\AndroidManifest.xml:72:17-85
	android:name
		ADDED from src\main\AndroidManifest.xml:71:17-63
activity#com.rastreabilidadeInterna.geral.varGlobais
ADDED from src\main\AndroidManifest.xml:74:9-76:52
	android:screenOrientation
		ADDED from src\main\AndroidManifest.xml:76:13-49
	android:name
		ADDED from src\main\AndroidManifest.xml:75:13-71
activity#com.rastreabilidadeInterna.geral.ActivityAdicionarReceita
ADDED from src\main\AndroidManifest.xml:77:9-79:52
	android:screenOrientation
		ADDED from src\main\AndroidManifest.xml:79:13-49
	android:name
		ADDED from src\main\AndroidManifest.xml:78:13-85
activity#com.rastreabilidadeInterna.preparacao.preparacaoPrincipal
ADDED from src\main\AndroidManifest.xml:80:9-89:20
	android:screenOrientation
		ADDED from src\main\AndroidManifest.xml:85:13-50
	android:label
		ADDED from src\main\AndroidManifest.xml:82:13-72
	android:parentActivityName
		ADDED from src\main\AndroidManifest.xml:84:13-94
	android:launchMode
		ADDED from src\main\AndroidManifest.xml:83:13-43
	android:name
		ADDED from src\main\AndroidManifest.xml:81:13-85
activity#com.rastreabilidadeInterna.geral.receitas
ADDED from src\main\AndroidManifest.xml:90:9-92:53
	android:screenOrientation
		ADDED from src\main\AndroidManifest.xml:92:13-50
	android:name
		ADDED from src\main\AndroidManifest.xml:91:13-69
activity#com.rastreabilidadeInterna.geral.ActivityCadastroDeUsuario
ADDED from src\main\AndroidManifest.xml:93:9-100:20
	android:label
		ADDED from src\main\AndroidManifest.xml:95:13-70
	android:parentActivityName
		ADDED from src\main\AndroidManifest.xml:96:13-94
	android:name
		ADDED from src\main\AndroidManifest.xml:94:13-86
activity#com.rastreabilidadeInterna.geral.ActivityLoginDialog
ADDED from src\main\AndroidManifest.xml:101:9-89
	android:name
		ADDED from src\main\AndroidManifest.xml:101:19-86
activity#com.rastreabilidadeInterna.geral.ActivityIngredientes
ADDED from src\main\AndroidManifest.xml:102:9-104:53
	android:screenOrientation
		ADDED from src\main\AndroidManifest.xml:104:13-50
	android:name
		ADDED from src\main\AndroidManifest.xml:103:13-81
activity#com.rastreabilidadeInterna.fracionamento.ActivityGranel
ADDED from src\main\AndroidManifest.xml:105:9-112:20
	android:label
		ADDED from src\main\AndroidManifest.xml:107:13-72
	android:parentActivityName
		ADDED from src\main\AndroidManifest.xml:108:13-104
	android:name
		ADDED from src\main\AndroidManifest.xml:106:13-83
activity#com.rastreabilidadeInterna.geral.ActivityConfiguracaoDeArea
ADDED from src\main\AndroidManifest.xml:113:9-129:20
	android:label
		ADDED from src\main\AndroidManifest.xml:115:13-81
	android:parentActivityName
		ADDED from src\main\AndroidManifest.xml:116:13-94
	android:name
		ADDED from src\main\AndroidManifest.xml:114:13-87
activity#com.rastreabilidadeInterna.centrodedistribuicao.CentroDeDistribuicao
ADDED from src\main\AndroidManifest.xml:120:13-128:24
	android:label
		ADDED from src\main\AndroidManifest.xml:123:17-78
	android:parentActivityName
		ADDED from src\main\AndroidManifest.xml:124:17-98
	android:configChanges
		ADDED from src\main\AndroidManifest.xml:122:17-78
	android:name
		ADDED from src\main\AndroidManifest.xml:121:17-100
activity#com.rastreabilidadeInterna.controleEstoque.ActivityHistoricoControleDeEstoque
ADDED from src\main\AndroidManifest.xml:130:9-137:20
	android:label
		ADDED from src\main\AndroidManifest.xml:132:13-90
	android:parentActivityName
		ADDED from src\main\AndroidManifest.xml:133:13-108
	android:name
		ADDED from src\main\AndroidManifest.xml:131:13-105
activity#com.rastreabilidadeInterna.controleEstoque.ActivityAssociarEtiquetas
ADDED from src\main\AndroidManifest.xml:138:9-145:20
	android:label
		ADDED from src\main\AndroidManifest.xml:140:13-79
	android:parentActivityName
		ADDED from src\main\AndroidManifest.xml:141:13-108
	android:name
		ADDED from src\main\AndroidManifest.xml:139:13-96
activity#com.rastreabilidadeInterna.preparacao.ActivityRelatorioPreparacao
ADDED from src\main\AndroidManifest.xml:146:9-148:84
	android:label
		ADDED from src\main\AndroidManifest.xml:148:13-81
	android:name
		ADDED from src\main\AndroidManifest.xml:147:13-93
activity#com.rastreabilidadeInterna.fracionamento.ActivityHistoricoFracionamento
ADDED from src\main\AndroidManifest.xml:149:9-157:20
	android:label
		ADDED from src\main\AndroidManifest.xml:151:13-84
	android:parentActivityName
		ADDED from src\main\AndroidManifest.xml:152:13-104
	android:name
		ADDED from src\main\AndroidManifest.xml:150:13-99
activity#com.rastreabilidadeInterna.centrodedistribuicao.ActivityRecebimento
ADDED from src\main\AndroidManifest.xml:158:9-161:52
	android:screenOrientation
		ADDED from src\main\AndroidManifest.xml:161:13-49
	android:label
		ADDED from src\main\AndroidManifest.xml:160:13-71
	android:name
		ADDED from src\main\AndroidManifest.xml:159:13-95
activity#com.rastreabilidadeInterna.centrodedistribuicao.ActivityControleDeEstoqueCD
ADDED from src\main\AndroidManifest.xml:162:9-165:51
	android:screenOrientation
		ADDED from src\main\AndroidManifest.xml:165:13-49
	android:label
		ADDED from src\main\AndroidManifest.xml:164:13-83
	android:name
		ADDED from src\main\AndroidManifest.xml:163:13-103
activity#com.rastreabilidadeInterna.centrodedistribuicao.ActivityAmostragem
ADDED from src\main\AndroidManifest.xml:166:9-169:52
	android:screenOrientation
		ADDED from src\main\AndroidManifest.xml:169:13-49
	android:label
		ADDED from src\main\AndroidManifest.xml:168:13-71
	android:name
		ADDED from src\main\AndroidManifest.xml:167:13-94
activity#com.rastreabilidadeInterna.centrodedistribuicao.ActivityAssociar
ADDED from src\main\AndroidManifest.xml:170:9-173:52
	android:screenOrientation
		ADDED from src\main\AndroidManifest.xml:173:13-49
	android:label
		ADDED from src\main\AndroidManifest.xml:172:13-69
	android:name
		ADDED from src\main\AndroidManifest.xml:171:13-92
activity#com.rastreabilidadeInterna.centrodedistribuicao.ActivityRelatorioControleDeEstoqueCD
ADDED from src\main\AndroidManifest.xml:174:9-176:96
	android:label
		ADDED from src\main\AndroidManifest.xml:176:13-93
	android:name
		ADDED from src\main\AndroidManifest.xml:175:13-112
activity#com.rastreabilidadeInterna.preparacao.ActivityProducaoDoDia
ADDED from src\main\AndroidManifest.xml:177:9-184:20
	android:label
		ADDED from src\main\AndroidManifest.xml:179:13-76
	android:parentActivityName
		ADDED from src\main\AndroidManifest.xml:180:13-99
	android:name
		ADDED from src\main\AndroidManifest.xml:178:13-87
activity#com.rastreabilidadeInterna.centrodedistribuicao.ActivityTestes
ADDED from src\main\AndroidManifest.xml:185:9-192:20
	android:label
		ADDED from src\main\AndroidManifest.xml:187:13-67
	android:parentActivityName
		ADDED from src\main\AndroidManifest.xml:188:13-117
	android:name
		ADDED from src\main\AndroidManifest.xml:186:13-90
activity#com.rastreabilidadeInterna.centrodedistribuicao.ActivityRecebimentoHortifruti
ADDED from src\main\AndroidManifest.xml:193:9-196:52
	android:screenOrientation
		ADDED from src\main\AndroidManifest.xml:196:13-49
	android:label
		ADDED from src\main\AndroidManifest.xml:195:13-83
	android:name
		ADDED from src\main\AndroidManifest.xml:194:13-105
activity#com.rastreabilidadeInterna.centrodedistribuicao.ActivityControleDeEstoqueCDHortifruti
ADDED from src\main\AndroidManifest.xml:197:9-200:51
	android:screenOrientation
		ADDED from src\main\AndroidManifest.xml:200:13-49
	android:label
		ADDED from src\main\AndroidManifest.xml:199:13-93
	android:name
		ADDED from src\main\AndroidManifest.xml:198:13-113
activity#com.rastreabilidadeInterna.centrodedistribuicao.ActivityAmostragemHortifruti
ADDED from src\main\AndroidManifest.xml:201:9-204:52
	android:screenOrientation
		ADDED from src\main\AndroidManifest.xml:204:13-49
	android:label
		ADDED from src\main\AndroidManifest.xml:203:13-82
	android:name
		ADDED from src\main\AndroidManifest.xml:202:13-104
activity#com.rastreabilidadeInterna.centrodedistribuicao.ActivityAssociarHortifruti
ADDED from src\main\AndroidManifest.xml:205:9-208:52
	android:screenOrientation
		ADDED from src\main\AndroidManifest.xml:208:13-49
	android:label
		ADDED from src\main\AndroidManifest.xml:207:13-80
	android:name
		ADDED from src\main\AndroidManifest.xml:206:13-102
activity#com.rastreabilidadeInterna.centrodedistribuicao.ActivityRelatorioCDHorifruti
ADDED from src\main\AndroidManifest.xml:209:9-211:85
	android:label
		ADDED from src\main\AndroidManifest.xml:211:13-82
	android:name
		ADDED from src\main\AndroidManifest.xml:210:13-104
service#com.rastreabilidadeInterna.service.UploadService
ADDED from src\main\AndroidManifest.xml:213:9-216:39
	android:enabled
		ADDED from src\main\AndroidManifest.xml:215:13-35
	android:exported
		ADDED from src\main\AndroidManifest.xml:216:13-36
	android:name
		ADDED from src\main\AndroidManifest.xml:214:13-76
activity#com.rastreabilidadeInterna.centrodedistribuicao.ActivityTeste
ADDED from src\main\AndroidManifest.xml:218:9-225:20
	android:label
		ADDED from src\main\AndroidManifest.xml:220:13-66
	android:parentActivityName
		ADDED from src\main\AndroidManifest.xml:221:13-104
	android:name
		ADDED from src\main\AndroidManifest.xml:219:13-89
activity#com.rastreabilidadeInterna.centrodedistribuicao.ActivitySelecionaRecebimentoFrios
ADDED from src\main\AndroidManifest.xml:226:9-228:91
	android:label
		ADDED from src\main\AndroidManifest.xml:228:13-88
	android:name
		ADDED from src\main\AndroidManifest.xml:227:13-109
activity#com.rastreabilidadeInterna.centrodedistribuicao.ActivitySelecionaRecebimentoFriosItem
ADDED from src\main\AndroidManifest.xml:229:9-231:105
	android:label
		ADDED from src\main\AndroidManifest.xml:231:13-93
	android:name
		ADDED from src\main\AndroidManifest.xml:230:13-113
activity#android.support.v7.widget.TestActivity
ADDED from [com.android.support:recyclerview-v7:21.0.0] AndroidManifest.xml:18:9-115
	android:label
		ADDED from [com.android.support:recyclerview-v7:21.0.0] AndroidManifest.xml:18:19-59
	android:name
		ADDED from [com.android.support:recyclerview-v7:21.0.0] AndroidManifest.xml:18:60-113